c4cbece867a9d56a55ad4418a7e1b84a : SlikSvn\CHANGES.txt
ad23361ef03b23e00b9d28848630e12d : SlikSvn\Licenses\Apr-License.txt
f34ea519e13456a47f5b6f0ea158d666 : SlikSvn\Licenses\Apr-Util-License.txt
70f31ac3c8511b43cb6f2c2199c7ae50 : SlikSvn\Licenses\BerkeleyDB-License.txt
3f55e0974e3d6db00ca6f57f2d206396 : SlikSvn\Licenses\Cyrus-Sasl-License.txt
358862e2b920edfc7c36a36a86b4c93f : SlikSvn\Licenses\GetText-Runtime-License.txt
f30a9716ef3762e3467a2f62bf790f0a : SlikSvn\Licenses\Neon-License.txt
f9a8f968107345e0b75aa8c2ecaa7ec8 : SlikSvn\Licenses\OpenSsl-License.txt
d229da563da18fe5d58cd95a6467d584 : SlikSvn\Licenses\Serf-License.txt
0bd64636ee94c1d5022bbd424cda86f3 : SlikSvn\Licenses\SharpSvn-License.txt
46b3f7cfe09bb26f03eeafb559b08443 : SlikSvn\Licenses\Subversion-License.txt
4cb0733a1258beddd9f069e11f36f2eb : SlikSvn\ReleaseNotes.html
47ad272f38fdb651c5e3d955ef21bc38 : SlikSvn\Share\Locale\de\LC_MESSAGES\subversion.mo
4cf1d997f507313941ea4dd629ad1612 : SlikSvn\Share\Locale\es\LC_MESSAGES\subversion.mo
63b9ef0506fc54aa7aa827daa416ec35 : SlikSvn\Share\Locale\fr\LC_MESSAGES\subversion.mo
5010549cb75346dc4cf7afee49bbb5b0 : SlikSvn\Share\Locale\it\LC_MESSAGES\subversion.mo
190d762c041df8fd7f6935341460f804 : SlikSvn\Share\Locale\ja\LC_MESSAGES\subversion.mo
4c5551d6f65323744c56fbc7be87ef9f : SlikSvn\Share\Locale\ko\LC_MESSAGES\subversion.mo
72ff8d7d3c337680c2873a5b5bb57775 : SlikSvn\Share\Locale\nb\LC_MESSAGES\subversion.mo
1da6710b0ea5562fab1271b41397f6d7 : SlikSvn\Share\Locale\pl\LC_MESSAGES\subversion.mo
36ba84f1c74cb19910555e3923745f7b : SlikSvn\Share\Locale\pt_BR\LC_MESSAGES\subversion.mo
bcbe5720be85ff18c377f23dff81979f : SlikSvn\Share\Locale\sv\LC_MESSAGES\subversion.mo
389f09137984482237d6f26e684f435c : SlikSvn\Share\Locale\zh_CN\LC_MESSAGES\subversion.mo
d43b80e3dd8ab89bff58d13797daf042 : SlikSvn\Share\Locale\zh_TW\LC_MESSAGES\subversion.mo
d37dbb2a08ec224f80824829b5fcc3b6 : SlikSvn\bin\SlikSvn-DB44-20-x64.dll
9d93a235db0c4d3f3b657cfd9e34f133 : SlikSvn\bin\SlikSvn-Sasl21-23-x64.dll
fdacdb8df42357dd6b4ca81545a36efb : SlikSvn\bin\SlikSvn-libapr-1.dll
8ba8274a5adefa18e37949c9542184d6 : SlikSvn\bin\SlikSvn-libaprutil-1.dll
c20e338b79335428416e84a573825a62 : SlikSvn\bin\SlikSvn-libeay32.dll
688c0e7176df5ea663f8dba19f106c04 : SlikSvn\bin\SlikSvn-libintl-x64.dll
1d6cc60a1393ce2539a3badfac3f2336 : SlikSvn\bin\SlikSvn-ssleay32.dll
56885693b3b098c13b51bbd966145a8b : SlikSvn\bin\SlikSvn-svn_client-1.dll
5b6b5395135fb4baed01b413d96d702a : SlikSvn\bin\SlikSvn-svn_delta-1.dll
127a556d7af1ef2785b8b0d3e35caebe : SlikSvn\bin\SlikSvn-svn_diff-1.dll
3c0bd5f18e1fd68ff066627f82afeca5 : SlikSvn\bin\SlikSvn-svn_fs-1.dll
d4aa55ad23a458b968a7906dd331dd62 : SlikSvn\bin\SlikSvn-svn_ra-1.dll
5508fa3ee0a52370733cc0e97940cccb : SlikSvn\bin\SlikSvn-svn_repos-1.dll
b234d8f14125772886dc323287d17195 : SlikSvn\bin\SlikSvn-svn_subr-1.dll
940e9f9eb73f77b8f753107eaeb693a2 : SlikSvn\bin\SlikSvn-svn_wc-1.dll
bdbd1a201f99f66d722f4c429dfe9a8a : SlikSvn\bin\libsvnjavahl-1.dll
61965188960519c1c1c27a7f010cd50a : SlikSvn\bin\svn.exe
a1766e40c4b7f6b416d38210c880d9b8 : SlikSvn\bin\svnadmin.exe
5b27aeb800c1e674d3a6935578f14211 : SlikSvn\bin\svndumpfilter.exe
9e8ddff8e94310cd1f475ca859f16be3 : SlikSvn\bin\svnlook.exe
7ae8b35a9411ce1faa024cc6446ae311 : SlikSvn\bin\svnmucc.exe
c155a7b6d9fec0faebe24f079ee2da90 : SlikSvn\bin\svnsync.exe
27a6d10361d87a18e26a15d2175a3e3c : SlikSvn\bin\svnversion.exe
5d931f5200e7b6d2ec8aba93ae1a7817 : SlikSvn\svn-book.pdf
